# Daksh Binance Futures Trading Bot - Operation Log
# All trading operations and system events are logged here with full audit trail
{"ts": "2025-08-11T06:55:10Z", "level": "INFO", "action": "place_order", "mode": "dryrun", "request": {"symbol": "BTCUSDT", "side": "BUY", "type": "MARKET", "quantity": 0.001}, "orderId": "FAKE-ba1ac9bb"}
{"ts": "2025-08-11T06:55:53Z", "level": "INFO", "message": "Testing info log", "test": true}
{"ts": "2025-08-11T06:55:53Z", "level": "ERROR", "message": "Testing error log", "error_code": 500}
{"ts": "2025-08-11T06:57:46Z", "level": "INFO", "action": "place_order", "mode": "dryrun", "request": {"symbol": "BTCUSDT", "side": "BUY", "type": "MARKET", "quantity": 0.001}, "orderId": "FAKE-4d01a10f"}
{"ts": "2025-08-11T06:57:46Z", "level": "INFO", "action": "place_order", "type": "MARKET", "symbol": "BTCUSDT", "side": "BUY", "qty": 0.001, "result": "ok", "orderId": "FAKE-4d01a10f"}
{"ts": "2025-08-11T06:57:50Z", "level": "ERROR", "action": "validate", "error": "quantity must be > 0"}
{"ts": "2025-08-11T06:57:55Z", "level": "INFO", "action": "place_order", "mode": "dryrun", "request": {"symbol": "ETHUSDT", "side": "SELL", "type": "MARKET", "quantity": 2.5}, "orderId": "FAKE-359971b2"}
{"ts": "2025-08-11T06:57:55Z", "level": "INFO", "action": "place_order", "type": "MARKET", "symbol": "ETHUSDT", "side": "SELL", "qty": 2.5, "result": "ok", "orderId": "FAKE-359971b2"}
{"ts": "2025-08-11T06:57:59Z", "level": "ERROR", "action": "validate", "error": "symbol must be uppercase letters and end with USDT (e.g., BTCUSDT)"}
{"ts": "2025-08-11T06:58:04Z", "level": "ERROR", "action": "validate", "error": "side must be BUY or SELL"}
{"ts": "2025-08-11T06:58:23Z", "level": "INFO", "action": "place_order", "mode": "dryrun", "request": {"symbol": "DOGEUSDT", "side": "BUY", "type": "MARKET", "quantity": 1000.0}, "orderId": "FAKE-7d1a4835"}
{"ts": "2025-08-11T06:58:23Z", "level": "INFO", "action": "place_order", "type": "MARKET", "symbol": "DOGEUSDT", "side": "BUY", "qty": 1000.0, "result": "ok", "orderId": "FAKE-7d1a4835"}
{"ts": "2025-08-11T06:58:23Z", "level": "INFO", "action": "place_order", "mode": "dryrun", "request": {"symbol": "SOLUSDT", "side": "SELL", "type": "MARKET", "quantity": 0.5}, "orderId": "FAKE-f40fcb9b"}
{"ts": "2025-08-11T06:58:23Z", "level": "INFO", "action": "place_order", "type": "MARKET", "symbol": "SOLUSDT", "side": "SELL", "qty": 0.5, "result": "ok", "orderId": "FAKE-f40fcb9b"}
{"ts": "2025-08-11T07:01:09Z", "level": "INFO", "action": "place_order", "mode": "dryrun", "request": {"symbol": "BTCUSDT", "side": "SELL", "type": "LIMIT", "timeInForce": "GTC", "quantity": 0.001, "price": 65000.0}, "orderId": "FAKE-9eadcf89"}
{"ts": "2025-08-11T07:01:09Z", "level": "INFO", "action": "place_order", "type": "LIMIT", "symbol": "BTCUSDT", "side": "SELL", "qty": 0.001, "price": 65000.0, "tif": "GTC", "result": "ok", "orderId": "FAKE-9eadcf89"}
{"ts": "2025-08-11T07:01:16Z", "level": "ERROR", "action": "validate", "type": "LIMIT", "error": "price must be > 0"}
{"ts": "2025-08-11T07:01:23Z", "level": "INFO", "action": "place_order", "mode": "dryrun", "request": {"symbol": "ETHUSDT", "side": "BUY", "type": "LIMIT", "timeInForce": "GTC", "quantity": 2.5, "price": 3000.5}, "orderId": "FAKE-11e67390"}
{"ts": "2025-08-11T07:01:23Z", "level": "INFO", "action": "place_order", "type": "LIMIT", "symbol": "ETHUSDT", "side": "BUY", "qty": 2.5, "price": 3000.5, "tif": "GTC", "result": "ok", "orderId": "FAKE-11e67390"}
{"ts": "2025-08-11T07:01:30Z", "level": "ERROR", "action": "validate", "type": "LIMIT", "error": "quantity must be > 0"}
{"ts": "2025-08-11T07:01:37Z", "level": "ERROR", "action": "validate", "type": "LIMIT", "error": "symbol must be uppercase letters and end with USDT (e.g., BTCUSDT)"}
{"ts": "2025-08-11T07:02:20Z", "level": "INFO", "action": "place_order", "mode": "dryrun", "request": {"symbol": "SOLUSDT", "side": "SELL", "type": "LIMIT", "timeInForce": "GTC", "quantity": 10.0, "price": 150.75}, "orderId": "FAKE-b7d59417"}
{"ts": "2025-08-11T07:02:20Z", "level": "INFO", "action": "place_order", "type": "LIMIT", "symbol": "SOLUSDT", "side": "SELL", "qty": 10.0, "price": 150.75, "tif": "GTC", "result": "ok", "orderId": "FAKE-b7d59417"}
{"ts": "2025-08-11T07:02:27Z", "level": "INFO", "action": "place_order", "mode": "dryrun", "request": {"symbol": "DOGEUSDT", "side": "BUY", "type": "LIMIT", "timeInForce": "GTC", "quantity": 5000.0, "price": 0.1}, "orderId": "FAKE-b3c77635"}
{"ts": "2025-08-11T07:02:27Z", "level": "INFO", "action": "place_order", "type": "LIMIT", "symbol": "DOGEUSDT", "side": "BUY", "qty": 5000.0, "price": 0.1, "tif": "GTC", "result": "ok", "orderId": "FAKE-b3c77635"}
{"ts": "2025-08-11T07:02:41Z", "level": "INFO", "action": "place_order", "mode": "dryrun", "request": {"symbol": "BTCUSDT", "side": "BUY", "type": "LIMIT", "timeInForce": "GTC", "quantity": 1e-05, "price": 100000.12345}, "orderId": "FAKE-2adf2b5a"}
{"ts": "2025-08-11T07:02:41Z", "level": "INFO", "action": "place_order", "type": "LIMIT", "symbol": "BTCUSDT", "side": "BUY", "qty": 1e-05, "price": 100000.12345, "tif": "GTC", "result": "ok", "orderId": "FAKE-2adf2b5a"}
{"ts": "2025-08-11T07:02:47Z", "level": "ERROR", "action": "validate", "type": "LIMIT", "error": "price must be a number"}
{"ts": "2025-08-11T07:03:00Z", "level": "INFO", "action": "place_order", "mode": "dryrun", "request": {"symbol": "BTCUSDT", "side": "BUY", "type": "MARKET", "quantity": 0.5}, "orderId": "FAKE-2d1d8297"}
{"ts": "2025-08-11T07:03:00Z", "level": "INFO", "action": "place_order", "type": "MARKET", "symbol": "BTCUSDT", "side": "BUY", "qty": 0.5, "result": "ok", "orderId": "FAKE-2d1d8297"}
{"ts": "2025-08-11T07:03:00Z", "level": "INFO", "action": "place_order", "mode": "dryrun", "request": {"symbol": "BTCUSDT", "side": "SELL", "type": "LIMIT", "timeInForce": "GTC", "quantity": 0.5, "price": 70000.0}, "orderId": "FAKE-fcc7fad3"}
{"ts": "2025-08-11T07:03:00Z", "level": "INFO", "action": "place_order", "type": "LIMIT", "symbol": "BTCUSDT", "side": "SELL", "qty": 0.5, "price": 70000.0, "tif": "GTC", "result": "ok", "orderId": "FAKE-fcc7fad3"}
{"ts": "2025-08-11T07:04:38Z", "level": "INFO", "action": "place_order", "mode": "dryrun", "request": {"symbol": "BTCUSDT", "side": "SELL", "type": "STOP", "timeInForce": "GTC", "quantity": 0.001, "price": 58800.0, "stopPrice": 59000.0, "workingType": "CONTRACT_PRICE"}, "orderId": "FAKE-6e0708c1"}
{"ts": "2025-08-11T07:04:38Z", "level": "INFO", "action": "place_order", "type": "STOP_LIMIT", "symbol": "BTCUSDT", "side": "SELL", "qty": 0.001, "stopPrice": 59000.0, "limitPrice": 58800.0, "tif": "GTC", "result": "ok", "orderId": "FAKE-6e0708c1"}
{"ts": "2025-08-11T07:04:47Z", "level": "ERROR", "action": "validate", "type": "STOP_LIMIT", "error": "For BUY stop-limit: stopPrice should be <= limitPrice"}
{"ts": "2025-08-11T07:04:55Z", "level": "INFO", "action": "place_order", "mode": "dryrun", "request": {"symbol": "BTCUSDT", "side": "BUY", "type": "STOP", "timeInForce": "GTC", "quantity": 0.001, "price": 60000.0, "stopPrice": 59800.0, "workingType": "CONTRACT_PRICE"}, "orderId": "FAKE-b3d622e2"}
{"ts": "2025-08-11T07:04:55Z", "level": "INFO", "action": "place_order", "type": "STOP_LIMIT", "symbol": "BTCUSDT", "side": "BUY", "qty": 0.001, "stopPrice": 59800.0, "limitPrice": 60000.0, "tif": "GTC", "result": "ok", "orderId": "FAKE-b3d622e2"}
{"ts": "2025-08-11T07:05:02Z", "level": "INFO", "action": "place_order", "mode": "dryrun", "request": {"symbol": "BTCUSDT", "side": "BUY", "type": "STOP", "timeInForce": "GTC", "quantity": 0.001, "price": 60500.0, "stopPrice": 60000.0, "workingType": "CONTRACT_PRICE"}, "orderId": "FAKE-c9be835f"}
{"ts": "2025-08-11T07:05:02Z", "level": "INFO", "action": "place_order", "type": "STOP_LIMIT", "symbol": "BTCUSDT", "side": "BUY", "qty": 0.001, "stopPrice": 60000.0, "limitPrice": 60500.0, "tif": "GTC", "result": "ok", "orderId": "FAKE-c9be835f"}
{"ts": "2025-08-11T07:05:19Z", "level": "ERROR", "action": "validate", "type": "STOP_LIMIT", "error": "For SELL stop-limit: stopPrice should be <= limitPrice"}
{"ts": "2025-08-11T07:05:34Z", "level": "INFO", "action": "place_order", "mode": "dryrun", "request": {"symbol": "BTCUSDT", "side": "SELL", "type": "STOP", "timeInForce": "GTC", "quantity": 0.001, "price": 58800.0, "stopPrice": 59000.0, "workingType": "CONTRACT_PRICE"}, "orderId": "FAKE-23a11624"}
{"ts": "2025-08-11T07:05:34Z", "level": "INFO", "action": "place_order", "type": "STOP_LIMIT", "symbol": "BTCUSDT", "side": "SELL", "qty": 0.001, "stopPrice": 59000.0, "limitPrice": 58800.0, "tif": "GTC", "result": "ok", "orderId": "FAKE-23a11624"}
{"ts": "2025-08-11T07:05:41Z", "level": "ERROR", "action": "validate", "type": "STOP_LIMIT", "error": "For BUY stop-limit: stopPrice should be <= limitPrice"}
{"ts": "2025-08-11T07:05:50Z", "level": "INFO", "action": "place_order", "mode": "dryrun", "request": {"symbol": "BTCUSDT", "side": "BUY", "type": "STOP", "timeInForce": "GTC", "quantity": 0.001, "price": 60000.0, "stopPrice": 59800.0, "workingType": "CONTRACT_PRICE"}, "orderId": "FAKE-0abb7319"}
{"ts": "2025-08-11T07:05:50Z", "level": "INFO", "action": "place_order", "type": "STOP_LIMIT", "symbol": "BTCUSDT", "side": "BUY", "qty": 0.001, "stopPrice": 59800.0, "limitPrice": 60000.0, "tif": "GTC", "result": "ok", "orderId": "FAKE-0abb7319"}
{"ts": "2025-08-11T07:05:57Z", "level": "INFO", "action": "place_order", "mode": "dryrun", "request": {"symbol": "BTCUSDT", "side": "BUY", "type": "STOP", "timeInForce": "GTC", "quantity": 0.001, "price": 60500.0, "stopPrice": 60000.0, "workingType": "CONTRACT_PRICE"}, "orderId": "FAKE-ebc05b8d"}
{"ts": "2025-08-11T07:05:57Z", "level": "INFO", "action": "place_order", "type": "STOP_LIMIT", "symbol": "BTCUSDT", "side": "BUY", "qty": 0.001, "stopPrice": 60000.0, "limitPrice": 60500.0, "tif": "GTC", "result": "ok", "orderId": "FAKE-ebc05b8d"}
{"ts": "2025-08-11T07:06:05Z", "level": "ERROR", "action": "validate", "type": "STOP_LIMIT", "error": "For BUY stop-limit: stopPrice should be <= limitPrice"}
{"ts": "2025-08-11T07:06:13Z", "level": "INFO", "action": "place_order", "mode": "dryrun", "request": {"symbol": "ETHUSDT", "side": "SELL", "type": "STOP", "timeInForce": "IOC", "quantity": 2.0, "price": 3000.0, "stopPrice": 3000.0, "workingType": "CONTRACT_PRICE"}, "orderId": "FAKE-57133825"}
{"ts": "2025-08-11T07:06:13Z", "level": "INFO", "action": "place_order", "type": "STOP_LIMIT", "symbol": "ETHUSDT", "side": "SELL", "qty": 2.0, "stopPrice": 3000.0, "limitPrice": 3000.0, "tif": "IOC", "result": "ok", "orderId": "FAKE-57133825"}
{"ts": "2025-08-11T07:06:31Z", "level": "ERROR", "action": "validate", "type": "STOP_LIMIT", "error": "quantity must be > 0"}
{"ts": "2025-08-11T07:06:39Z", "level": "ERROR", "action": "validate", "type": "STOP_LIMIT", "error": "price must be > 0"}
{"ts": "2025-08-11T07:07:10Z", "level": "INFO", "action": "place_order", "mode": "dryrun", "request": {"symbol": "BTCUSDT", "side": "SELL", "type": "STOP", "timeInForce": "GTC", "quantity": 0.5, "price": 64900.0, "stopPrice": 65000.0, "workingType": "CONTRACT_PRICE"}, "orderId": "FAKE-99048533"}
{"ts": "2025-08-11T07:07:10Z", "level": "INFO", "action": "place_order", "type": "STOP_LIMIT", "symbol": "BTCUSDT", "side": "SELL", "qty": 0.5, "stopPrice": 65000.0, "limitPrice": 64900.0, "tif": "GTC", "result": "ok", "orderId": "FAKE-99048533"}
{"ts": "2025-08-11T07:07:10Z", "level": "INFO", "action": "place_order", "mode": "dryrun", "request": {"symbol": "BTCUSDT", "side": "BUY", "type": "STOP", "timeInForce": "FOK", "quantity": 0.5, "price": 64100.0, "stopPrice": 64000.0, "workingType": "CONTRACT_PRICE"}, "orderId": "FAKE-da57baaf"}
{"ts": "2025-08-11T07:07:10Z", "level": "INFO", "action": "place_order", "type": "STOP_LIMIT", "symbol": "BTCUSDT", "side": "BUY", "qty": 0.5, "stopPrice": 64000.0, "limitPrice": 64100.0, "tif": "FOK", "result": "ok", "orderId": "FAKE-da57baaf"}
{"ts": "2025-08-11T07:11:01Z", "level": "INFO", "action": "place_order", "mode": "dryrun", "request": {"symbol": "BTCUSDT", "side": "SELL", "type": "STOP", "timeInForce": "GTC", "quantity": 0.001, "price": 58800.0, "stopPrice": 59000.0, "workingType": "CONTRACT_PRICE"}, "orderId": "FAKE-7119e14a"}
{"ts": "2025-08-11T07:11:01Z", "level": "INFO", "action": "place_order", "type": "STOP_LIMIT", "symbol": "BTCUSDT", "side": "SELL", "qty": 0.001, "stopPrice": 59000.0, "limitPrice": 58800.0, "tif": "GTC", "result": "ok", "orderId": "FAKE-7119e14a"}
{"ts": "2025-08-11T07:11:40Z", "level": "INFO", "action": "place_order", "mode": "dryrun", "request": {"symbol": "BTCUSDT", "side": "SELL", "type": "STOP", "timeInForce": "GTC", "quantity": 0.001, "price": 58800.0, "stopPrice": 59000.0, "workingType": "CONTRACT_PRICE"}, "orderId": "FAKE-57474e1e"}
{"ts": "2025-08-11T07:11:40Z", "level": "INFO", "action": "place_order", "type": "STOP_LIMIT", "symbol": "BTCUSDT", "side": "SELL", "qty": 0.001, "stopPrice": 59000.0, "limitPrice": 58800.0, "tif": "GTC", "result": "ok", "orderId": "FAKE-57474e1e"}
{"ts": "2025-08-11T07:12:07Z", "level": "INFO", "action": "place_order", "mode": "dryrun", "request": {"symbol": "BTCUSDT", "side": "SELL", "type": "STOP", "timeInForce": "GTC", "quantity": 0.001, "price": 58800.0, "stopPrice": 59000.0, "workingType": "CONTRACT_PRICE"}, "orderId": "FAKE-61501c82"}
{"ts": "2025-08-11T07:12:07Z", "level": "INFO", "action": "place_order", "type": "STOP_LIMIT", "symbol": "BTCUSDT", "side": "SELL", "qty": 0.001, "stopPrice": 59000.0, "limitPrice": 58800.0, "tif": "GTC", "result": "ok", "orderId": "FAKE-61501c82"}
{"ts": "2025-08-11T07:12:14Z", "level": "ERROR", "action": "validate", "type": "STOP_LIMIT", "error": "For BUY stop-limit: stopPrice should be <= limitPrice"}
{"ts": "2025-08-11T07:12:21Z", "level": "INFO", "action": "place_order", "mode": "dryrun", "request": {"symbol": "BTCUSDT", "side": "BUY", "type": "STOP", "timeInForce": "GTC", "quantity": 0.001, "price": 60000.0, "stopPrice": 59800.0, "workingType": "CONTRACT_PRICE"}, "orderId": "FAKE-074a85ee"}
{"ts": "2025-08-11T07:12:21Z", "level": "INFO", "action": "place_order", "type": "STOP_LIMIT", "symbol": "BTCUSDT", "side": "BUY", "qty": 0.001, "stopPrice": 59800.0, "limitPrice": 60000.0, "tif": "GTC", "result": "ok", "orderId": "FAKE-074a85ee"}
{"ts": "2025-08-11T07:13:46Z", "level": "INFO", "action": "place_order", "mode": "dryrun", "request": {"symbol": "BTCUSDT", "side": "SELL", "type": "TAKE_PROFIT", "reduceOnly": true, "quantity": 0.001, "price": 62000.0, "timeInForce": "GTC", "workingType": "CONTRACT_PRICE", "newClientOrderId": "OCO-696bc019-TP"}, "orderId": "FAKE-f239c4bb"}
{"ts": "2025-08-11T07:13:46Z", "level": "INFO", "action": "place_order", "mode": "dryrun", "request": {"symbol": "BTCUSDT", "side": "SELL", "type": "STOP", "reduceOnly": true, "quantity": 0.001, "price": 58800.0, "stopPrice": 59000.0, "timeInForce": "GTC", "workingType": "CONTRACT_PRICE", "newClientOrderId": "OCO-696bc019-SL"}, "orderId": "FAKE-4e067748"}
{"ts": "2025-08-11T07:13:46Z", "level": "INFO", "action": "place_oco", "symbol": "BTCUSDT", "side": "SELL", "qty": 0.001, "takeProfit": 62000.0, "stopPrice": 59000.0, "stopLimitPrice": 58800.0, "result": "ok", "linkId": "OCO-696bc019", "tpOrderId": "FAKE-f239c4bb", "slOrderId": "FAKE-4e067748"}
{"ts": "2025-08-11T07:13:54Z", "level": "INFO", "action": "place_order", "mode": "dryrun", "request": {"symbol": "BTCUSDT", "side": "SELL", "type": "TAKE_PROFIT", "reduceOnly": true, "quantity": 0.001, "price": 62000.0, "timeInForce": "GTC", "workingType": "CONTRACT_PRICE", "newClientOrderId": "OCO-9811c2b5-TP"}, "orderId": "FAKE-68064dcd"}
{"ts": "2025-08-11T07:13:54Z", "level": "INFO", "action": "place_order", "mode": "dryrun", "request": {"symbol": "BTCUSDT", "side": "SELL", "type": "STOP_MARKET", "reduceOnly": true, "quantity": 0.001, "stopPrice": 59000.0, "workingType": "CONTRACT_PRICE", "newClientOrderId": "OCO-9811c2b5-SL"}, "orderId": "FAKE-b40eb0df"}
{"ts": "2025-08-11T07:13:54Z", "level": "INFO", "action": "place_oco", "symbol": "BTCUSDT", "side": "SELL", "qty": 0.001, "takeProfit": 62000.0, "stopPrice": 59000.0, "stopLimitPrice": null, "result": "ok", "linkId": "OCO-9811c2b5", "tpOrderId": "FAKE-68064dcd", "slOrderId": "FAKE-b40eb0df"}
{"ts": "2025-08-11T07:14:02Z", "level": "INFO", "action": "place_order", "mode": "dryrun", "request": {"symbol": "BTCUSDT", "side": "BUY", "type": "TAKE_PROFIT", "reduceOnly": true, "quantity": 0.001, "price": 58000.0, "timeInForce": "GTC", "workingType": "CONTRACT_PRICE", "newClientOrderId": "OCO-8331084a-TP"}, "orderId": "FAKE-076ffb63"}
{"ts": "2025-08-11T07:14:02Z", "level": "INFO", "action": "place_order", "mode": "dryrun", "request": {"symbol": "BTCUSDT", "side": "BUY", "type": "STOP", "reduceOnly": true, "quantity": 0.001, "price": 61200.0, "stopPrice": 61000.0, "timeInForce": "GTC", "workingType": "CONTRACT_PRICE", "newClientOrderId": "OCO-8331084a-SL"}, "orderId": "FAKE-4b9665f4"}
{"ts": "2025-08-11T07:14:02Z", "level": "INFO", "action": "place_oco", "symbol": "BTCUSDT", "side": "BUY", "qty": 0.001, "takeProfit": 58000.0, "stopPrice": 61000.0, "stopLimitPrice": 61200.0, "result": "ok", "linkId": "OCO-8331084a", "tpOrderId": "FAKE-076ffb63", "slOrderId": "FAKE-4b9665f4"}
{"ts": "2025-08-11T07:14:09Z", "level": "ERROR", "action": "validate", "type": "OCO", "error": "quantity must be > 0"}
{"ts": "2025-08-11T07:14:18Z", "level": "ERROR", "action": "validate", "type": "OCO", "error": "price must be > 0"}
{"ts": "2025-08-11T07:14:49Z", "level": "ERROR", "action": "validate", "type": "OCO", "error": "symbol must be uppercase letters and end with USDT (e.g., BTCUSDT)"}
{"ts": "2025-08-11T07:15:07Z", "level": "INFO", "action": "place_order", "mode": "dryrun", "request": {"symbol": "ETHUSDT", "side": "SELL", "type": "TAKE_PROFIT", "reduceOnly": true, "quantity": 1.0, "price": 3200.0, "timeInForce": "GTC", "workingType": "CONTRACT_PRICE", "newClientOrderId": "OCO-046b3eb1-TP"}, "orderId": "FAKE-bddc9cb7"}
{"ts": "2025-08-11T07:15:07Z", "level": "INFO", "action": "place_order", "mode": "dryrun", "request": {"symbol": "ETHUSDT", "side": "SELL", "type": "STOP_MARKET", "reduceOnly": true, "quantity": 1.0, "stopPrice": 2800.0, "workingType": "CONTRACT_PRICE", "newClientOrderId": "OCO-046b3eb1-SL"}, "orderId": "FAKE-2f25a7d3"}
{"ts": "2025-08-11T07:15:07Z", "level": "INFO", "action": "place_oco", "symbol": "ETHUSDT", "side": "SELL", "qty": 1.0, "takeProfit": 3200.0, "stopPrice": 2800.0, "stopLimitPrice": null, "result": "ok", "linkId": "OCO-046b3eb1", "tpOrderId": "FAKE-bddc9cb7", "slOrderId": "FAKE-2f25a7d3"}
{"ts": "2025-08-11T07:15:07Z", "level": "INFO", "action": "place_order", "mode": "dryrun", "request": {"symbol": "ETHUSDT", "side": "BUY", "type": "TAKE_PROFIT", "reduceOnly": true, "quantity": 1.0, "price": 2800.0, "timeInForce": "GTC", "workingType": "CONTRACT_PRICE", "newClientOrderId": "OCO-d05ccc10-TP"}, "orderId": "FAKE-a57ca133"}
{"ts": "2025-08-11T07:15:07Z", "level": "INFO", "action": "place_order", "mode": "dryrun", "request": {"symbol": "ETHUSDT", "side": "BUY", "type": "STOP", "reduceOnly": true, "quantity": 1.0, "price": 3250.0, "stopPrice": 3200.0, "timeInForce": "GTC", "workingType": "CONTRACT_PRICE", "newClientOrderId": "OCO-d05ccc10-SL"}, "orderId": "FAKE-ddf39200"}
{"ts": "2025-08-11T07:15:07Z", "level": "INFO", "action": "place_oco", "symbol": "ETHUSDT", "side": "BUY", "qty": 1.0, "takeProfit": 2800.0, "stopPrice": 3200.0, "stopLimitPrice": 3250.0, "result": "ok", "linkId": "OCO-d05ccc10", "tpOrderId": "FAKE-a57ca133", "slOrderId": "FAKE-ddf39200"}
{"ts": "2025-08-11T07:27:33Z", "level": "INFO", "action": "place_order", "mode": "dryrun", "request": {"symbol": "BTCUSDT", "side": "BUY", "type": "MARKET", "quantity": 0.002, "newClientOrderId": "BRK-69edec05-ENTRY"}, "orderId": "FAKE-790b996a"}
{"ts": "2025-08-11T07:27:33Z", "level": "INFO", "action": "place_entry", "type": "MARKET", "symbol": "BTCUSDT", "side": "BUY", "qty": 0.002, "price": null, "linkId": "BRK-69edec05", "orderId": "FAKE-790b996a", "result": "ok"}
{"ts": "2025-08-11T07:27:34Z", "level": "INFO", "action": "place_order", "mode": "dryrun", "request": {"symbol": "BTCUSDT", "side": "SELL", "type": "TAKE_PROFIT", "reduceOnly": true, "quantity": 0.002, "price": 62000.0, "timeInForce": "GTC", "workingType": "CONTRACT_PRICE", "newClientOrderId": "BRK-69edec05-TP"}, "orderId": "FAKE-0a7a87f8"}
{"ts": "2025-08-11T07:27:34Z", "level": "INFO", "action": "place_exit_tp", "symbol": "BTCUSDT", "side": "SELL", "qty": 0.002, "price": 62000.0, "linkId": "BRK-69edec05", "orderId": "FAKE-0a7a87f8", "result": "ok"}
{"ts": "2025-08-11T07:27:34Z", "level": "INFO", "action": "place_order", "mode": "dryrun", "request": {"symbol": "BTCUSDT", "side": "SELL", "type": "STOP", "reduceOnly": true, "quantity": 0.002, "price": 58800.0, "stopPrice": 59000.0, "timeInForce": "GTC", "workingType": "CONTRACT_PRICE", "newClientOrderId": "BRK-69edec05-SL"}, "orderId": "FAKE-6d903e4c"}
{"ts": "2025-08-11T07:27:34Z", "level": "INFO", "action": "place_exit_sl", "symbol": "BTCUSDT", "side": "SELL", "qty": 0.002, "stopPrice": 59000.0, "stopLimitPrice": 58800.0, "linkId": "BRK-69edec05", "orderId": "FAKE-6d903e4c", "result": "ok"}
{"ts": "2025-08-11T07:27:44Z", "level": "INFO", "action": "place_order", "mode": "dryrun", "request": {"symbol": "BTCUSDT", "side": "SELL", "type": "LIMIT", "quantity": 0.002, "price": 65000.0, "timeInForce": "GTC", "newClientOrderId": "BRK-239a17b7-ENTRY"}, "orderId": "FAKE-99c25b70"}
{"ts": "2025-08-11T07:27:44Z", "level": "INFO", "action": "place_entry", "type": "LIMIT", "symbol": "BTCUSDT", "side": "SELL", "qty": 0.002, "price": 65000.0, "linkId": "BRK-239a17b7", "orderId": "FAKE-99c25b70", "result": "ok"}
{"ts": "2025-08-11T07:27:44Z", "level": "INFO", "action": "place_order", "mode": "dryrun", "request": {"symbol": "BTCUSDT", "side": "BUY", "type": "TAKE_PROFIT", "reduceOnly": true, "quantity": 0.002, "price": 64000.0, "timeInForce": "GTC", "workingType": "CONTRACT_PRICE", "newClientOrderId": "BRK-239a17b7-TP"}, "orderId": "FAKE-dc4dbabc"}
{"ts": "2025-08-11T07:27:44Z", "level": "INFO", "action": "place_exit_tp", "symbol": "BTCUSDT", "side": "BUY", "qty": 0.002, "price": 64000.0, "linkId": "BRK-239a17b7", "orderId": "FAKE-dc4dbabc", "result": "ok"}
{"ts": "2025-08-11T07:27:44Z", "level": "INFO", "action": "place_order", "mode": "dryrun", "request": {"symbol": "BTCUSDT", "side": "BUY", "type": "STOP_MARKET", "reduceOnly": true, "quantity": 0.002, "stopPrice": 66000.0, "workingType": "CONTRACT_PRICE", "newClientOrderId": "BRK-239a17b7-SL"}, "orderId": "FAKE-30d82ff0"}
{"ts": "2025-08-11T07:27:44Z", "level": "INFO", "action": "place_exit_sl", "symbol": "BTCUSDT", "side": "BUY", "qty": 0.002, "stopPrice": 66000.0, "stopLimitPrice": null, "linkId": "BRK-239a17b7", "orderId": "FAKE-30d82ff0", "result": "ok"}
{"ts": "2025-08-11T07:27:53Z", "level": "INFO", "action": "place_order", "mode": "dryrun", "request": {"symbol": "ETHUSDT", "side": "BUY", "type": "LIMIT", "quantity": 1.5, "price": 3000.0, "timeInForce": "GTC", "newClientOrderId": "BRK-4219c055-ENTRY"}, "orderId": "FAKE-9c287c00"}
{"ts": "2025-08-11T07:27:53Z", "level": "INFO", "action": "place_entry", "type": "LIMIT", "symbol": "ETHUSDT", "side": "BUY", "qty": 1.5, "price": 3000.0, "linkId": "BRK-4219c055", "orderId": "FAKE-9c287c00", "result": "ok"}
{"ts": "2025-08-11T07:27:53Z", "level": "INFO", "action": "place_order", "mode": "dryrun", "request": {"symbol": "ETHUSDT", "side": "SELL", "type": "TAKE_PROFIT", "reduceOnly": true, "quantity": 1.5, "price": 3200.0, "timeInForce": "GTC", "workingType": "CONTRACT_PRICE", "newClientOrderId": "BRK-4219c055-TP"}, "orderId": "FAKE-8c9ddfba"}
{"ts": "2025-08-11T07:27:53Z", "level": "INFO", "action": "place_exit_tp", "symbol": "ETHUSDT", "side": "SELL", "qty": 1.5, "price": 3200.0, "linkId": "BRK-4219c055", "orderId": "FAKE-8c9ddfba", "result": "ok"}
{"ts": "2025-08-11T07:27:53Z", "level": "INFO", "action": "place_order", "mode": "dryrun", "request": {"symbol": "ETHUSDT", "side": "SELL", "type": "STOP", "reduceOnly": true, "quantity": 1.5, "price": 2750.0, "stopPrice": 2800.0, "timeInForce": "GTC", "workingType": "CONTRACT_PRICE", "newClientOrderId": "BRK-4219c055-SL"}, "orderId": "FAKE-19a01b3c"}
{"ts": "2025-08-11T07:27:53Z", "level": "INFO", "action": "place_exit_sl", "symbol": "ETHUSDT", "side": "SELL", "qty": 1.5, "stopPrice": 2800.0, "stopLimitPrice": 2750.0, "linkId": "BRK-4219c055", "orderId": "FAKE-19a01b3c", "result": "ok"}
{"ts": "2025-08-11T07:28:01Z", "level": "ERROR", "action": "validate", "type": "BRACKET", "error": "price is required when entryType=LIMIT"}
{"ts": "2025-08-11T07:28:08Z", "level": "ERROR", "action": "validate", "type": "BRACKET", "error": "quantity must be > 0"}
{"ts": "2025-08-11T07:28:15Z", "level": "ERROR", "action": "validate", "type": "BRACKET", "error": "price must be > 0"}
{"ts": "2025-08-11T07:28:51Z", "level": "INFO", "action": "place_order", "mode": "dryrun", "request": {"symbol": "SOLUSDT", "side": "BUY", "type": "MARKET", "quantity": 5.0, "newClientOrderId": "BRK-a888c2c2-ENTRY"}, "orderId": "FAKE-f09dd990"}
{"ts": "2025-08-11T07:28:51Z", "level": "INFO", "action": "place_entry", "type": "MARKET", "symbol": "SOLUSDT", "side": "BUY", "qty": 5.0, "price": null, "linkId": "BRK-a888c2c2", "orderId": "FAKE-f09dd990", "result": "ok"}
{"ts": "2025-08-11T07:28:51Z", "level": "INFO", "action": "place_order", "mode": "dryrun", "request": {"symbol": "SOLUSDT", "side": "SELL", "type": "TAKE_PROFIT", "reduceOnly": true, "quantity": 5.0, "price": 160.0, "timeInForce": "GTC", "workingType": "CONTRACT_PRICE", "newClientOrderId": "BRK-a888c2c2-TP"}, "orderId": "FAKE-774df11c"}
{"ts": "2025-08-11T07:28:51Z", "level": "INFO", "action": "place_exit_tp", "symbol": "SOLUSDT", "side": "SELL", "qty": 5.0, "price": 160.0, "linkId": "BRK-a888c2c2", "orderId": "FAKE-774df11c", "result": "ok"}
{"ts": "2025-08-11T07:28:51Z", "level": "INFO", "action": "place_order", "mode": "dryrun", "request": {"symbol": "SOLUSDT", "side": "SELL", "type": "STOP_MARKET", "reduceOnly": true, "quantity": 5.0, "stopPrice": 140.0, "workingType": "CONTRACT_PRICE", "newClientOrderId": "BRK-a888c2c2-SL"}, "orderId": "FAKE-112c6f04"}
{"ts": "2025-08-11T07:28:51Z", "level": "INFO", "action": "place_exit_sl", "symbol": "SOLUSDT", "side": "SELL", "qty": 5.0, "stopPrice": 140.0, "stopLimitPrice": null, "linkId": "BRK-a888c2c2", "orderId": "FAKE-112c6f04", "result": "ok"}
{"ts": "2025-08-11T07:28:51Z", "level": "INFO", "action": "place_order", "mode": "dryrun", "request": {"symbol": "DOGEUSDT", "side": "SELL", "type": "LIMIT", "quantity": 1000.0, "price": 0.12, "timeInForce": "GTC", "newClientOrderId": "BRK-6a418bf4-ENTRY"}, "orderId": "FAKE-d5c689dd"}
{"ts": "2025-08-11T07:28:51Z", "level": "INFO", "action": "place_entry", "type": "LIMIT", "symbol": "DOGEUSDT", "side": "SELL", "qty": 1000.0, "price": 0.12, "linkId": "BRK-6a418bf4", "orderId": "FAKE-d5c689dd", "result": "ok"}
{"ts": "2025-08-11T07:28:51Z", "level": "INFO", "action": "place_order", "mode": "dryrun", "request": {"symbol": "DOGEUSDT", "side": "BUY", "type": "TAKE_PROFIT", "reduceOnly": true, "quantity": 1000.0, "price": 0.1, "timeInForce": "GTC", "workingType": "CONTRACT_PRICE", "newClientOrderId": "BRK-6a418bf4-TP"}, "orderId": "FAKE-c0e17d52"}
{"ts": "2025-08-11T07:28:51Z", "level": "INFO", "action": "place_exit_tp", "symbol": "DOGEUSDT", "side": "BUY", "qty": 1000.0, "price": 0.1, "linkId": "BRK-6a418bf4", "orderId": "FAKE-c0e17d52", "result": "ok"}
{"ts": "2025-08-11T07:28:51Z", "level": "INFO", "action": "place_order", "mode": "dryrun", "request": {"symbol": "DOGEUSDT", "side": "BUY", "type": "STOP", "reduceOnly": true, "quantity": 1000.0, "price": 0.145, "stopPrice": 0.14, "timeInForce": "GTC", "workingType": "CONTRACT_PRICE", "newClientOrderId": "BRK-6a418bf4-SL"}, "orderId": "FAKE-7840fdb8"}
{"ts": "2025-08-11T07:28:51Z", "level": "INFO", "action": "place_exit_sl", "symbol": "DOGEUSDT", "side": "BUY", "qty": 1000.0, "stopPrice": 0.14, "stopLimitPrice": 0.145, "linkId": "BRK-6a418bf4", "orderId": "FAKE-7840fdb8", "result": "ok"}
{"ts": "2025-08-11T07:30:55Z", "level": "INFO", "action": "place_order", "mode": "dryrun", "request": {"symbol": "BTCUSDT", "side": "BUY", "type": "MARKET", "quantity": 0.001}, "orderId": "FAKE-68320bb7"}
{"ts": "2025-08-11T07:30:55Z", "level": "INFO", "action": "place_order", "type": "MARKET", "symbol": "BTCUSDT", "side": "BUY", "qty": 0.001, "result": "ok", "orderId": "FAKE-68320bb7"}
{"ts": "2025-08-11T07:31:45Z", "level": "INFO", "action": "place_order", "mode": "dryrun", "request": {"symbol": "BTCUSDT", "side": "BUY", "type": "MARKET", "quantity": 0.001}, "orderId": "FAKE-aea09a45"}
{"ts": "2025-08-11T07:31:45Z", "level": "INFO", "action": "place_order", "type": "MARKET", "symbol": "BTCUSDT", "side": "BUY", "qty": 0.001, "result": "ok", "orderId": "FAKE-aea09a45"}
{"ts": "2025-08-11T07:31:46Z", "level": "INFO", "action": "place_order", "mode": "dryrun", "request": {"symbol": "ETHUSDT", "side": "SELL", "type": "LIMIT", "timeInForce": "GTC", "quantity": 1.0, "price": 3200.0}, "orderId": "FAKE-b661e0e9"}
{"ts": "2025-08-11T07:31:46Z", "level": "INFO", "action": "place_order", "type": "LIMIT", "symbol": "ETHUSDT", "side": "SELL", "qty": 1.0, "price": 3200.0, "tif": "GTC", "result": "ok", "orderId": "FAKE-b661e0e9"}
{"ts": "2025-08-11T07:31:46Z", "level": "INFO", "action": "place_order", "mode": "dryrun", "request": {"symbol": "BTCUSDT", "side": "SELL", "type": "STOP", "timeInForce": "GTC", "quantity": 0.001, "price": 58800.0, "stopPrice": 59000.0, "workingType": "CONTRACT_PRICE"}, "orderId": "FAKE-06aaa03b"}
{"ts": "2025-08-11T07:31:46Z", "level": "INFO", "action": "place_order", "type": "STOP_LIMIT", "symbol": "BTCUSDT", "side": "SELL", "qty": 0.001, "stopPrice": 59000.0, "limitPrice": 58800.0, "tif": "GTC", "result": "ok", "orderId": "FAKE-06aaa03b"}
{"ts": "2025-08-11T07:32:09Z", "level": "ERROR", "action": "order_attempt_failed", "attempt": 0, "transient": true, "error": "ReadTimeout: Request timed out", "req": {"symbol": "TESTUSDT", "side": "BUY", "type": "MARKET", "quantity": 0.001}}
{"ts": "2025-08-11T07:32:10Z", "level": "INFO", "action": "retry_attempt", "attempt": 1, "req": {"symbol": "TESTUSDT", "side": "BUY", "type": "MARKET", "quantity": 0.001}}
{"ts": "2025-08-11T07:32:10Z", "level": "INFO", "action": "place_order", "mode": "dryrun", "request": {"symbol": "TESTUSDT", "side": "BUY", "type": "MARKET", "quantity": 0.001}, "orderId": "FAKE-93954de2"}
{"ts": "2025-08-11T07:32:10Z", "level": "INFO", "action": "place_order", "type": "MARKET", "symbol": "TESTUSDT", "side": "BUY", "qty": 0.001, "result": "ok", "orderId": "FAKE-93954de2"}
{"ts": "2025-08-11T07:32:58Z", "level": "INFO", "action": "place_order", "mode": "dryrun", "request": {"symbol": "BTCUSDT", "side": "BUY", "type": "MARKET", "quantity": 0.001}, "orderId": "FAKE-4ee805c1"}
{"ts": "2025-08-11T07:32:58Z", "level": "INFO", "action": "place_order", "type": "MARKET", "symbol": "BTCUSDT", "side": "BUY", "qty": 0.001, "result": "ok", "orderId": "FAKE-4ee805c1"}
{"ts": "2025-08-11T07:32:58Z", "level": "INFO", "action": "place_order", "mode": "dryrun", "request": {"symbol": "ETHUSDT", "side": "SELL", "type": "LIMIT", "timeInForce": "GTC", "quantity": 1.0, "price": 3200.0}, "orderId": "FAKE-adbd34bb"}
{"ts": "2025-08-11T07:32:58Z", "level": "INFO", "action": "place_order", "type": "LIMIT", "symbol": "ETHUSDT", "side": "SELL", "qty": 1.0, "price": 3200.0, "tif": "GTC", "result": "ok", "orderId": "FAKE-adbd34bb"}
{"ts": "2025-08-11T07:32:58Z", "level": "INFO", "action": "place_order", "mode": "dryrun", "request": {"symbol": "BTCUSDT", "side": "SELL", "type": "STOP", "timeInForce": "GTC", "quantity": 0.001, "price": 58800.0, "stopPrice": 59000.0, "workingType": "CONTRACT_PRICE"}, "orderId": "FAKE-a5de6caf"}
{"ts": "2025-08-11T07:32:58Z", "level": "INFO", "action": "place_order", "type": "STOP_LIMIT", "symbol": "BTCUSDT", "side": "SELL", "qty": 0.001, "stopPrice": 59000.0, "limitPrice": 58800.0, "tif": "GTC", "result": "ok", "orderId": "FAKE-a5de6caf"}
{"ts": "2025-08-11T07:35:17Z", "level": "INFO", "action": "place_order", "mode": "dryrun", "request": {"symbol": "BTCUSDT", "side": "SELL", "type": "TAKE_PROFIT", "reduceOnly": true, "quantity": 0.01, "price": 95000.0, "timeInForce": "GTC", "workingType": "CONTRACT_PRICE", "newClientOrderId": "OCO-0fd809ce-TP"}, "orderId": "FAKE-60e512c6"}
{"ts": "2025-08-11T07:35:17Z", "level": "INFO", "action": "place_order", "mode": "dryrun", "request": {"symbol": "BTCUSDT", "side": "SELL", "type": "STOP_MARKET", "reduceOnly": true, "quantity": 0.01, "stopPrice": 105000.0, "workingType": "CONTRACT_PRICE", "newClientOrderId": "OCO-0fd809ce-SL"}, "orderId": "FAKE-22718401"}
{"ts": "2025-08-11T07:35:17Z", "level": "INFO", "action": "place_oco", "symbol": "BTCUSDT", "side": "SELL", "qty": 0.01, "takeProfit": 95000.0, "stopPrice": 105000.0, "stopLimitPrice": null, "result": "ok", "linkId": "OCO-0fd809ce", "tpOrderId": "FAKE-60e512c6", "slOrderId": "FAKE-22718401"}
{"ts": "2025-08-11T07:35:24Z", "level": "INFO", "action": "place_order", "mode": "dryrun", "request": {"symbol": "BTCUSDT", "side": "BUY", "type": "MARKET", "quantity": 0.01, "newClientOrderId": "BRK-62e73938-ENTRY"}, "orderId": "FAKE-5da943fe"}
{"ts": "2025-08-11T07:35:24Z", "level": "INFO", "action": "place_entry", "type": "MARKET", "symbol": "BTCUSDT", "side": "BUY", "qty": 0.01, "price": null, "linkId": "BRK-62e73938", "orderId": "FAKE-5da943fe", "result": "ok"}
{"ts": "2025-08-11T07:35:24Z", "level": "INFO", "action": "place_order", "mode": "dryrun", "request": {"symbol": "BTCUSDT", "side": "SELL", "type": "TAKE_PROFIT", "reduceOnly": true, "quantity": 0.01, "price": 105000.0, "timeInForce": "GTC", "workingType": "CONTRACT_PRICE", "newClientOrderId": "BRK-62e73938-TP"}, "orderId": "FAKE-a8bd1429"}
{"ts": "2025-08-11T07:35:24Z", "level": "INFO", "action": "place_exit_tp", "symbol": "BTCUSDT", "side": "SELL", "qty": 0.01, "price": 105000.0, "linkId": "BRK-62e73938", "orderId": "FAKE-a8bd1429", "result": "ok"}
{"ts": "2025-08-11T07:35:24Z", "level": "INFO", "action": "place_order", "mode": "dryrun", "request": {"symbol": "BTCUSDT", "side": "SELL", "type": "STOP_MARKET", "reduceOnly": true, "quantity": 0.01, "stopPrice": 95000.0, "workingType": "CONTRACT_PRICE", "newClientOrderId": "BRK-62e73938-SL"}, "orderId": "FAKE-af475d8e"}
{"ts": "2025-08-11T07:35:24Z", "level": "INFO", "action": "place_exit_sl", "symbol": "BTCUSDT", "side": "SELL", "qty": 0.01, "stopPrice": 95000.0, "stopLimitPrice": null, "linkId": "BRK-62e73938", "orderId": "FAKE-af475d8e", "result": "ok"}
{"ts": "2025-08-11T07:35:57Z", "level": "INFO", "action": "place_order", "mode": "dryrun", "request": {"symbol": "BTCUSDT", "side": "BUY", "type": "MARKET", "quantity": 0.001}, "orderId": "FAKE-46035361"}
{"ts": "2025-08-11T07:35:57Z", "level": "INFO", "action": "place_order", "type": "MARKET", "symbol": "BTCUSDT", "side": "BUY", "qty": 0.001, "result": "ok", "orderId": "FAKE-46035361"}
{"ts": "2025-08-11T07:36:04Z", "level": "INFO", "action": "place_order", "mode": "dryrun", "request": {"symbol": "ETHUSDT", "side": "SELL", "type": "LIMIT", "timeInForce": "GTC", "quantity": 0.01, "price": 3400.0}, "orderId": "FAKE-acc2ba43"}
{"ts": "2025-08-11T07:36:04Z", "level": "INFO", "action": "place_order", "type": "LIMIT", "symbol": "ETHUSDT", "side": "SELL", "qty": 0.01, "price": 3400.0, "tif": "GTC", "result": "ok", "orderId": "FAKE-acc2ba43"}
{"ts": "2025-08-11T07:36:24Z", "level": "INFO", "action": "place_order", "mode": "dryrun", "request": {"symbol": "ADAUSDT", "side": "BUY", "type": "STOP", "timeInForce": "GTC", "quantity": 10.0, "price": 0.47, "stopPrice": 0.45, "workingType": "CONTRACT_PRICE"}, "orderId": "FAKE-ea5a19fa"}
{"ts": "2025-08-11T07:36:24Z", "level": "INFO", "action": "place_order", "type": "STOP_LIMIT", "symbol": "ADAUSDT", "side": "BUY", "qty": 10.0, "stopPrice": 0.45, "limitPrice": 0.47, "tif": "GTC", "result": "ok", "orderId": "FAKE-ea5a19fa"}
{"ts": "2025-08-11T07:44:32Z", "level": "INFO", "action": "twap_start", "symbol": "BTCUSDT", "side": "BUY", "totalQty": 0.01, "slices": 3, "sliceQty": 0.0033333333333333335, "intervalSec": 2, "linkId": "TWAP-f9a4e2ca"}
{"ts": "2025-08-11T07:44:32Z", "level": "INFO", "action": "place_order", "mode": "dryrun", "request": {"symbol": "BTCUSDT", "side": "BUY", "type": "MARKET", "quantity": 0.0033333333333333335, "newClientOrderId": "TWAP-f9a4e2ca-S1"}, "orderId": "FAKE-48bda36b"}
{"ts": "2025-08-11T07:44:32Z", "level": "INFO", "action": "twap_slice", "symbol": "BTCUSDT", "side": "BUY", "sliceIndex": 1, "totalSlices": 3, "qty": 0.0033333333333333335, "executedQty": 0.0033333333333333335, "linkId": "TWAP-f9a4e2ca", "orderId": "FAKE-48bda36b", "result": "ok"}
{"ts": "2025-08-11T07:44:34Z", "level": "INFO", "action": "place_order", "mode": "dryrun", "request": {"symbol": "BTCUSDT", "side": "BUY", "type": "MARKET", "quantity": 0.0033333333333333335, "newClientOrderId": "TWAP-f9a4e2ca-S2"}, "orderId": "FAKE-13a6613a"}
{"ts": "2025-08-11T07:44:34Z", "level": "INFO", "action": "twap_slice", "symbol": "BTCUSDT", "side": "BUY", "sliceIndex": 2, "totalSlices": 3, "qty": 0.0033333333333333335, "executedQty": 0.006666666666666667, "linkId": "TWAP-f9a4e2ca", "orderId": "FAKE-13a6613a", "result": "ok"}
{"ts": "2025-08-11T07:44:36Z", "level": "INFO", "action": "place_order", "mode": "dryrun", "request": {"symbol": "BTCUSDT", "side": "BUY", "type": "MARKET", "quantity": 0.003333333333333333, "newClientOrderId": "TWAP-f9a4e2ca-S3"}, "orderId": "FAKE-de98c881"}
{"ts": "2025-08-11T07:44:36Z", "level": "INFO", "action": "twap_slice", "symbol": "BTCUSDT", "side": "BUY", "sliceIndex": 3, "totalSlices": 3, "qty": 0.003333333333333333, "executedQty": 0.01, "linkId": "TWAP-f9a4e2ca", "orderId": "FAKE-de98c881", "result": "ok"}
{"ts": "2025-08-11T07:44:36Z", "level": "INFO", "action": "twap_complete", "symbol": "BTCUSDT", "side": "BUY", "totalQty": 0.01, "executedQty": 0.01, "slices": 3, "linkId": "TWAP-f9a4e2ca", "result": "ok"}
{"ts": "2025-08-11T07:44:55Z", "level": "INFO", "action": "place_order", "mode": "dryrun", "request": {"symbol": "BTCUSDT", "side": "BUY", "type": "MARKET", "quantity": 0.001}, "orderId": "FAKE-470f62cb"}
{"ts": "2025-08-11T07:44:55Z", "level": "INFO", "action": "place_order", "type": "MARKET", "symbol": "BTCUSDT", "side": "BUY", "qty": 0.001, "result": "ok", "orderId": "FAKE-470f62cb"}
{"ts": "2025-08-11T07:45:02Z", "level": "INFO", "action": "place_order", "mode": "dryrun", "request": {"symbol": "ETHUSDT", "side": "SELL", "type": "LIMIT", "timeInForce": "GTC", "quantity": 0.01, "price": 3500.0}, "orderId": "FAKE-ad7eebc9"}
{"ts": "2025-08-11T07:45:02Z", "level": "INFO", "action": "place_order", "type": "LIMIT", "symbol": "ETHUSDT", "side": "SELL", "qty": 0.01, "price": 3500.0, "tif": "GTC", "result": "ok", "orderId": "FAKE-ad7eebc9"}
{"ts": "2025-08-11T07:45:10Z", "level": "INFO", "action": "place_order", "mode": "dryrun", "request": {"symbol": "BTCUSDT", "side": "SELL", "type": "STOP", "timeInForce": "GTC", "quantity": 0.001, "price": 58800.0, "stopPrice": 59000.0, "workingType": "CONTRACT_PRICE"}, "orderId": "FAKE-1aad47f5"}
{"ts": "2025-08-11T07:45:10Z", "level": "INFO", "action": "place_order", "type": "STOP_LIMIT", "symbol": "BTCUSDT", "side": "SELL", "qty": 0.001, "stopPrice": 59000.0, "limitPrice": 58800.0, "tif": "GTC", "result": "ok", "orderId": "FAKE-1aad47f5"}
{"ts": "2025-08-11T07:45:19Z", "level": "INFO", "action": "place_order", "mode": "dryrun", "request": {"symbol": "BTCUSDT", "side": "SELL", "type": "TAKE_PROFIT", "reduceOnly": true, "quantity": 0.001, "price": 62000.0, "timeInForce": "GTC", "workingType": "CONTRACT_PRICE", "newClientOrderId": "OCO-be4eb47d-TP"}, "orderId": "FAKE-8bd7fa0b"}
{"ts": "2025-08-11T07:45:19Z", "level": "INFO", "action": "place_order", "mode": "dryrun", "request": {"symbol": "BTCUSDT", "side": "SELL", "type": "STOP", "reduceOnly": true, "quantity": 0.001, "price": 58800.0, "stopPrice": 59000.0, "timeInForce": "GTC", "workingType": "CONTRACT_PRICE", "newClientOrderId": "OCO-be4eb47d-SL"}, "orderId": "FAKE-4e1c1268"}
{"ts": "2025-08-11T07:45:19Z", "level": "INFO", "action": "place_oco", "symbol": "BTCUSDT", "side": "SELL", "qty": 0.001, "takeProfit": 62000.0, "stopPrice": 59000.0, "stopLimitPrice": 58800.0, "result": "ok", "linkId": "OCO-be4eb47d", "tpOrderId": "FAKE-8bd7fa0b", "slOrderId": "FAKE-4e1c1268"}
{"ts": "2025-08-11T07:45:27Z", "level": "INFO", "action": "place_order", "mode": "dryrun", "request": {"symbol": "BTCUSDT", "side": "BUY", "type": "MARKET", "quantity": 0.002, "newClientOrderId": "BRK-0fed99cd-ENTRY"}, "orderId": "FAKE-b07d8eed"}
{"ts": "2025-08-11T07:45:27Z", "level": "INFO", "action": "place_entry", "type": "MARKET", "symbol": "BTCUSDT", "side": "BUY", "qty": 0.002, "price": null, "linkId": "BRK-0fed99cd", "orderId": "FAKE-b07d8eed", "result": "ok"}
{"ts": "2025-08-11T07:45:27Z", "level": "INFO", "action": "place_order", "mode": "dryrun", "request": {"symbol": "BTCUSDT", "side": "SELL", "type": "TAKE_PROFIT", "reduceOnly": true, "quantity": 0.002, "price": 62000.0, "timeInForce": "GTC", "workingType": "CONTRACT_PRICE", "newClientOrderId": "BRK-0fed99cd-TP"}, "orderId": "FAKE-bdd27fdd"}
{"ts": "2025-08-11T07:45:27Z", "level": "INFO", "action": "place_exit_tp", "symbol": "BTCUSDT", "side": "SELL", "qty": 0.002, "price": 62000.0, "linkId": "BRK-0fed99cd", "orderId": "FAKE-bdd27fdd", "result": "ok"}
{"ts": "2025-08-11T07:45:27Z", "level": "INFO", "action": "place_order", "mode": "dryrun", "request": {"symbol": "BTCUSDT", "side": "SELL", "type": "STOP", "reduceOnly": true, "quantity": 0.002, "price": 58800.0, "stopPrice": 59000.0, "timeInForce": "GTC", "workingType": "CONTRACT_PRICE", "newClientOrderId": "BRK-0fed99cd-SL"}, "orderId": "FAKE-f1eaef57"}
{"ts": "2025-08-11T07:45:27Z", "level": "INFO", "action": "place_exit_sl", "symbol": "BTCUSDT", "side": "SELL", "qty": 0.002, "stopPrice": 59000.0, "stopLimitPrice": 58800.0, "linkId": "BRK-0fed99cd", "orderId": "FAKE-f1eaef57", "result": "ok"}
{"ts": "2025-08-11T07:46:30Z", "level": "INFO", "action": "twap_start", "symbol": "ETHUSDT", "side": "SELL", "totalQty": 0.05, "slices": 3, "sliceQty": 0.016666666666666666, "intervalSec": 1, "linkId": "TWAP-98bf1de7"}
{"ts": "2025-08-11T07:46:30Z", "level": "INFO", "action": "place_order", "mode": "dryrun", "request": {"symbol": "ETHUSDT", "side": "SELL", "type": "MARKET", "quantity": 0.016666666666666666, "newClientOrderId": "TWAP-98bf1de7-S1"}, "orderId": "FAKE-3dc5e6d3"}
{"ts": "2025-08-11T07:46:30Z", "level": "INFO", "action": "twap_slice", "symbol": "ETHUSDT", "side": "SELL", "sliceIndex": 1, "totalSlices": 3, "qty": 0.016666666666666666, "executedQty": 0.016666666666666666, "linkId": "TWAP-98bf1de7", "orderId": "FAKE-3dc5e6d3", "result": "ok"}
{"ts": "2025-08-11T07:46:31Z", "level": "INFO", "action": "place_order", "mode": "dryrun", "request": {"symbol": "ETHUSDT", "side": "SELL", "type": "MARKET", "quantity": 0.016666666666666666, "newClientOrderId": "TWAP-98bf1de7-S2"}, "orderId": "FAKE-bee362bd"}
{"ts": "2025-08-11T07:46:31Z", "level": "INFO", "action": "twap_slice", "symbol": "ETHUSDT", "side": "SELL", "sliceIndex": 2, "totalSlices": 3, "qty": 0.016666666666666666, "executedQty": 0.03333333333333333, "linkId": "TWAP-98bf1de7", "orderId": "FAKE-bee362bd", "result": "ok"}
{"ts": "2025-08-11T07:46:32Z", "level": "INFO", "action": "place_order", "mode": "dryrun", "request": {"symbol": "ETHUSDT", "side": "SELL", "type": "MARKET", "quantity": 0.01666666666666667, "newClientOrderId": "TWAP-98bf1de7-S3"}, "orderId": "FAKE-a638c9b3"}
{"ts": "2025-08-11T07:46:32Z", "level": "INFO", "action": "twap_slice", "symbol": "ETHUSDT", "side": "SELL", "sliceIndex": 3, "totalSlices": 3, "qty": 0.01666666666666667, "executedQty": 0.05, "linkId": "TWAP-98bf1de7", "orderId": "FAKE-a638c9b3", "result": "ok"}
{"ts": "2025-08-11T07:46:32Z", "level": "INFO", "action": "twap_complete", "symbol": "ETHUSDT", "side": "SELL", "totalQty": 0.05, "executedQty": 0.05, "slices": 3, "linkId": "TWAP-98bf1de7", "result": "ok"}
{"ts": "2025-08-11T07:46:59Z", "level": "INFO", "action": "place_order", "mode": "dryrun", "request": {"symbol": "BTCUSDT", "side": "BUY", "type": "MARKET", "quantity": 0.001}, "orderId": "FAKE-70d4988f"}
{"ts": "2025-08-11T07:46:59Z", "level": "INFO", "action": "place_order", "type": "MARKET", "symbol": "BTCUSDT", "side": "BUY", "qty": 0.001, "result": "ok", "orderId": "FAKE-70d4988f"}
{"ts": "2025-08-11T08:50:56Z", "level": "INFO", "action": "place_order", "mode": "dryrun", "request": {"symbol": "BTCUSDT", "side": "BUY", "type": "MARKET", "quantity": 0.001}, "orderId": "FAKE-4af68701"}
{"ts": "2025-08-11T08:50:56Z", "level": "INFO", "action": "place_order", "type": "MARKET", "symbol": "BTCUSDT", "side": "BUY", "qty": 0.001, "result": "ok", "orderId": "FAKE-4af68701"}
{"ts": "2025-08-11T08:51:00Z", "level": "INFO", "action": "place_order", "mode": "dryrun", "request": {"symbol": "ETHUSDT", "side": "SELL", "type": "LIMIT", "timeInForce": "GTC", "quantity": 1.0, "price": 3200.0}, "orderId": "FAKE-f8143944"}
{"ts": "2025-08-11T08:51:00Z", "level": "INFO", "action": "place_order", "type": "LIMIT", "symbol": "ETHUSDT", "side": "SELL", "qty": 1.0, "price": 3200.0, "tif": "GTC", "result": "ok", "orderId": "FAKE-f8143944"}
{"ts": "2025-08-11T08:51:05Z", "level": "INFO", "action": "place_order", "mode": "dryrun", "request": {"symbol": "BTCUSDT", "side": "SELL", "type": "STOP", "timeInForce": "GTC", "quantity": 0.001, "price": 58800.0, "stopPrice": 59000.0, "workingType": "CONTRACT_PRICE"}, "orderId": "FAKE-4ef01a5f"}
{"ts": "2025-08-11T08:51:05Z", "level": "INFO", "action": "place_order", "type": "STOP_LIMIT", "symbol": "BTCUSDT", "side": "SELL", "qty": 0.001, "stopPrice": 59000.0, "limitPrice": 58800.0, "tif": "GTC", "result": "ok", "orderId": "FAKE-4ef01a5f"}
{"ts": "2025-08-11T08:51:10Z", "level": "INFO", "action": "place_order", "mode": "dryrun", "request": {"symbol": "BTCUSDT", "side": "SELL", "type": "TAKE_PROFIT", "reduceOnly": true, "quantity": 0.001, "price": 62000.0, "timeInForce": "GTC", "workingType": "CONTRACT_PRICE", "newClientOrderId": "OCO-2473ad81-TP"}, "orderId": "FAKE-d9276cc6"}
{"ts": "2025-08-11T08:51:10Z", "level": "INFO", "action": "place_order", "mode": "dryrun", "request": {"symbol": "BTCUSDT", "side": "SELL", "type": "STOP", "reduceOnly": true, "quantity": 0.001, "price": 58800.0, "stopPrice": 59000.0, "timeInForce": "GTC", "workingType": "CONTRACT_PRICE", "newClientOrderId": "OCO-2473ad81-SL"}, "orderId": "FAKE-a882c5e4"}
{"ts": "2025-08-11T08:51:10Z", "level": "INFO", "action": "place_oco", "symbol": "BTCUSDT", "side": "SELL", "qty": 0.001, "takeProfit": 62000.0, "stopPrice": 59000.0, "stopLimitPrice": 58800.0, "result": "ok", "linkId": "OCO-2473ad81", "tpOrderId": "FAKE-d9276cc6", "slOrderId": "FAKE-a882c5e4"}
{"ts": "2025-08-11T08:51:16Z", "level": "INFO", "action": "place_order", "mode": "dryrun", "request": {"symbol": "BTCUSDT", "side": "BUY", "type": "MARKET", "quantity": 0.002, "newClientOrderId": "BRK-f6034976-ENTRY"}, "orderId": "FAKE-1bbf895e"}
{"ts": "2025-08-11T08:51:16Z", "level": "INFO", "action": "place_entry", "type": "MARKET", "symbol": "BTCUSDT", "side": "BUY", "qty": 0.002, "price": null, "linkId": "BRK-f6034976", "orderId": "FAKE-1bbf895e", "result": "ok"}
{"ts": "2025-08-11T08:51:16Z", "level": "INFO", "action": "place_order", "mode": "dryrun", "request": {"symbol": "BTCUSDT", "side": "SELL", "type": "TAKE_PROFIT", "reduceOnly": true, "quantity": 0.002, "price": 62000.0, "timeInForce": "GTC", "workingType": "CONTRACT_PRICE", "newClientOrderId": "BRK-f6034976-TP"}, "orderId": "FAKE-587ef001"}
{"ts": "2025-08-11T08:51:16Z", "level": "INFO", "action": "place_exit_tp", "symbol": "BTCUSDT", "side": "SELL", "qty": 0.002, "price": 62000.0, "linkId": "BRK-f6034976", "orderId": "FAKE-587ef001", "result": "ok"}
{"ts": "2025-08-11T08:51:16Z", "level": "INFO", "action": "place_order", "mode": "dryrun", "request": {"symbol": "BTCUSDT", "side": "SELL", "type": "STOP_MARKET", "reduceOnly": true, "quantity": 0.002, "stopPrice": 59000.0, "workingType": "CONTRACT_PRICE", "newClientOrderId": "BRK-f6034976-SL"}, "orderId": "FAKE-a25add61"}
{"ts": "2025-08-11T08:51:16Z", "level": "INFO", "action": "place_exit_sl", "symbol": "BTCUSDT", "side": "SELL", "qty": 0.002, "stopPrice": 59000.0, "stopLimitPrice": null, "linkId": "BRK-f6034976", "orderId": "FAKE-a25add61", "result": "ok"}
{"ts": "2025-08-11T08:51:21Z", "level": "INFO", "action": "twap_start", "symbol": "BTCUSDT", "side": "BUY", "totalQty": 0.009, "slices": 3, "sliceQty": 0.0029999999999999996, "intervalSec": 2, "linkId": "TWAP-db8db343"}
{"ts": "2025-08-11T08:51:21Z", "level": "INFO", "action": "place_order", "mode": "dryrun", "request": {"symbol": "BTCUSDT", "side": "BUY", "type": "MARKET", "quantity": 0.0029999999999999996, "newClientOrderId": "TWAP-db8db343-S1"}, "orderId": "FAKE-23202880"}
{"ts": "2025-08-11T08:51:21Z", "level": "INFO", "action": "twap_slice", "symbol": "BTCUSDT", "side": "BUY", "sliceIndex": 1, "totalSlices": 3, "qty": 0.0029999999999999996, "executedQty": 0.0029999999999999996, "linkId": "TWAP-db8db343", "orderId": "FAKE-23202880", "result": "ok"}
{"ts": "2025-08-11T08:51:23Z", "level": "INFO", "action": "place_order", "mode": "dryrun", "request": {"symbol": "BTCUSDT", "side": "BUY", "type": "MARKET", "quantity": 0.0029999999999999996, "newClientOrderId": "TWAP-db8db343-S2"}, "orderId": "FAKE-93c1138f"}
{"ts": "2025-08-11T08:51:23Z", "level": "INFO", "action": "twap_slice", "symbol": "BTCUSDT", "side": "BUY", "sliceIndex": 2, "totalSlices": 3, "qty": 0.0029999999999999996, "executedQty": 0.005999999999999999, "linkId": "TWAP-db8db343", "orderId": "FAKE-93c1138f", "result": "ok"}
{"ts": "2025-08-11T08:51:25Z", "level": "INFO", "action": "place_order", "mode": "dryrun", "request": {"symbol": "BTCUSDT", "side": "BUY", "type": "MARKET", "quantity": 0.003, "newClientOrderId": "TWAP-db8db343-S3"}, "orderId": "FAKE-4e130cb3"}
{"ts": "2025-08-11T08:51:25Z", "level": "INFO", "action": "twap_slice", "symbol": "BTCUSDT", "side": "BUY", "sliceIndex": 3, "totalSlices": 3, "qty": 0.003, "executedQty": 0.009, "linkId": "TWAP-db8db343", "orderId": "FAKE-4e130cb3", "result": "ok"}
{"ts": "2025-08-11T08:51:25Z", "level": "INFO", "action": "twap_complete", "symbol": "BTCUSDT", "side": "BUY", "totalQty": 0.009, "executedQty": 0.009, "slices": 3, "linkId": "TWAP-db8db343", "result": "ok"}
{"ts": "2025-08-11T08:52:51Z", "level": "INFO", "action": "place_order", "mode": "dryrun", "request": {"symbol": "BTCUSDT", "side": "BUY", "type": "MARKET", "quantity": 0.001}, "orderId": "FAKE-c232d096"}
{"ts": "2025-08-11T08:52:51Z", "level": "INFO", "action": "place_order", "type": "MARKET", "symbol": "BTCUSDT", "side": "BUY", "qty": 0.001, "result": "ok", "orderId": "FAKE-c232d096"}
{"ts": "2025-08-11T08:52:51Z", "level": "INFO", "action": "place_order", "mode": "dryrun", "request": {"symbol": "BTCUSDT", "side": "SELL", "type": "TAKE_PROFIT", "reduceOnly": true, "quantity": 0.001, "price": 62000.0, "timeInForce": "GTC", "workingType": "CONTRACT_PRICE", "newClientOrderId": "OCO-d91aaa3d-TP"}, "orderId": "FAKE-7448eb2c"}
{"ts": "2025-08-11T08:52:51Z", "level": "INFO", "action": "place_order", "mode": "dryrun", "request": {"symbol": "BTCUSDT", "side": "SELL", "type": "STOP_MARKET", "reduceOnly": true, "quantity": 0.001, "stopPrice": 59000.0, "workingType": "CONTRACT_PRICE", "newClientOrderId": "OCO-d91aaa3d-SL"}, "orderId": "FAKE-dd7b0b41"}
{"ts": "2025-08-11T08:52:51Z", "level": "INFO", "action": "place_oco", "symbol": "BTCUSDT", "side": "SELL", "qty": 0.001, "takeProfit": 62000.0, "stopPrice": 59000.0, "stopLimitPrice": null, "result": "ok", "linkId": "OCO-d91aaa3d", "tpOrderId": "FAKE-7448eb2c", "slOrderId": "FAKE-dd7b0b41"}
